<?xml version='1.0' encoding='UTF-8' ?>
<testsuite name="com.automation.byteorbit.ByteOrbitTests" tests="4" failures="1" errors="0" skipped="0" time="7769.0" timestamp="2020-06-22T01:40:55" hostname="localhost">
  <properties>
    <property name="device" value="SM-A515F - 10" />
    <property name="flavor" value="" />
    <property name="project" value="app" />
  </properties>
  <testcase name="testRegisterUserWithKeyboardVisible" classname="com.automation.byteorbit.ByteOrbitTests" time="22.047">
    <failure>java.lang.AssertionError: RegisterUserWithKeyboardShown -&gt;Failed to click register button
at org.junit.Assert.fail(Assert.java:88)
at com.automation.byteorbit.ByteOrbitTests.testRegisterUserWithKeyboardVisible(ByteOrbitTests.java:110)
at java.lang.reflect.Method.invoke(Native Method)
at org.junit.runners.model.FrameworkMethod$1.runReflectiveCall(FrameworkMethod.java:50)
at org.junit.internal.runners.model.ReflectiveCallable.run(ReflectiveCallable.java:12)
at org.junit.runners.model.FrameworkMethod.invokeExplosively(FrameworkMethod.java:47)
at org.junit.internal.runners.statements.InvokeMethod.evaluate(InvokeMethod.java:17)
at androidx.test.internal.runner.junit4.statement.RunBefores.evaluate(RunBefores.java:80)
at androidx.test.internal.runner.junit4.statement.RunAfters.evaluate(RunAfters.java:61)
at org.junit.runners.ParentRunner.runLeaf(ParentRunner.java:325)
at org.junit.runners.BlockJUnit4ClassRunner.runChild(BlockJUnit4ClassRunner.java:78)
at org.junit.runners.BlockJUnit4ClassRunner.runChild(BlockJUnit4ClassRunner.java:57)
at org.junit.runners.ParentRunner$3.run(ParentRunner.java:290)
at org.junit.runners.ParentRunner$1.schedule(ParentRunner.java:71)
at org.junit.runners.ParentRunner.runChildren(ParentRunner.java:288)
at org.junit.runners.ParentRunner.access$000(ParentRunner.java:58)
at org.junit.runners.ParentRunner$2.evaluate(ParentRunner.java:268)
at org.junit.runners.ParentRunner.run(ParentRunner.java:363)
at androidx.test.ext.junit.runners.AndroidJUnit4.run(AndroidJUnit4.java:104)
at org.junit.runners.Suite.runChild(Suite.java:128)
at org.junit.runners.Suite.runChild(Suite.java:27)
at org.junit.runners.ParentRunner$3.run(ParentRunner.java:290)
at org.junit.runners.ParentRunner$1.schedule(ParentRunner.java:71)
at org.junit.runners.ParentRunner.runChildren(ParentRunner.java:288)
at org.junit.runners.ParentRunner.access$000(ParentRunner.java:58)
at org.junit.runners.ParentRunner$2.evaluate(ParentRunner.java:268)
at org.junit.runners.ParentRunner.run(ParentRunner.java:363)
at org.junit.runner.JUnitCore.run(JUnitCore.java:137)
at org.junit.runner.JUnitCore.run(JUnitCore.java:115)
at androidx.test.internal.runner.TestExecutor.execute(TestExecutor.java:56)
at androidx.test.runner.AndroidJUnitRunner.onStart(AndroidJUnitRunner.java:392)
at android.app.Instrumentation$InstrumentationThread.run(Instrumentation.java:2209)
</failure>
  </testcase>
  <testcase name="testLoginSuccess" classname="com.automation.byteorbit.ByteOrbitTests" time="16.955" />
  <testcase name="testRegisterUserWithKeyboardDismissed" classname="com.automation.byteorbit.ByteOrbitTests" time="21.152" />
  <testcase name="testLoginInvalidCredentials" classname="com.automation.byteorbit.ByteOrbitTests" time="17.461" />
</testsuite>